<?xml version="1.0" encoding="UTF-8"?>
<testsuite xmlns:xsi="http://www.w3.org/2001/XMLSchema-instance" xsi:noNamespaceSchemaLocation="https://maven.apache.org/surefire/maven-surefire-plugin/xsd/surefire-test-report.xsd" name="com.fasterxml.jackson.dataformat.toml.ParserTest" time="0.009" tests="81" errors="0" skipped="0" failures="0">
  <properties>
    <property name="awt.toolkit" value="sun.awt.X11.XToolkit"/>
    <property name="java.specification.version" value="11"/>
    <property name="sun.cpu.isalist" value=""/>
    <property name="sun.jnu.encoding" value="UTF-8"/>
    <property name="java.class.path" value="/mnt/c/Users/Grego/OneDrive/Documents/UIUC/spring22/598/jackson-dataformats-text/toml/target/test-classes:/mnt/c/Users/Grego/OneDrive/Documents/UIUC/spring22/598/jackson-dataformats-text/toml/target/classes:/home/greg/.m2/repository/com/fasterxml/jackson/core/jackson-databind/2.14.0-SNAPSHOT/jackson-databind-2.14.0-SNAPSHOT.jar:/home/greg/.m2/repository/com/fasterxml/jackson/core/jackson-annotations/2.14.0-SNAPSHOT/jackson-annotations-2.14.0-SNAPSHOT.jar:/home/greg/.m2/repository/org/jetbrains/annotations/20.1.0/annotations-20.1.0.jar:/home/greg/.m2/repository/com/fasterxml/jackson/core/jackson-core/2.14.0-SNAPSHOT/jackson-core-2.14.0-SNAPSHOT.jar:/home/greg/.m2/repository/junit/junit/4.13.1/junit-4.13.1.jar:/home/greg/.m2/repository/org/hamcrest/hamcrest-core/1.3/hamcrest-core-1.3.jar:"/>
    <property name="java.vm.vendor" value="Ubuntu"/>
    <property name="sun.arch.data.model" value="64"/>
    <property name="java.vendor.url" value="https://ubuntu.com/"/>
    <property name="user.timezone" value=""/>
    <property name="java.vm.specification.version" value="11"/>
    <property name="os.name" value="Linux"/>
    <property name="sun.java.launcher" value="SUN_STANDARD"/>
    <property name="sun.boot.library.path" value="/usr/lib/jvm/java-11-openjdk-amd64/lib"/>
    <property name="sun.java.command" value="/mnt/c/Users/Grego/OneDrive/Documents/UIUC/spring22/598/jackson-dataformats-text/toml/target/surefire/surefirebooter9913926532670958083.jar /mnt/c/Users/Grego/OneDrive/Documents/UIUC/spring22/598/jackson-dataformats-text/toml/target/surefire 2022-02-18T15-55-22_537-jvmRun1 surefire2049180599342160558tmp surefire_39903144716657236613tmp"/>
    <property name="jdk.debug" value="release"/>
    <property name="surefire.test.class.path" value="/mnt/c/Users/Grego/OneDrive/Documents/UIUC/spring22/598/jackson-dataformats-text/toml/target/test-classes:/mnt/c/Users/Grego/OneDrive/Documents/UIUC/spring22/598/jackson-dataformats-text/toml/target/classes:/home/greg/.m2/repository/com/fasterxml/jackson/core/jackson-databind/2.14.0-SNAPSHOT/jackson-databind-2.14.0-SNAPSHOT.jar:/home/greg/.m2/repository/com/fasterxml/jackson/core/jackson-annotations/2.14.0-SNAPSHOT/jackson-annotations-2.14.0-SNAPSHOT.jar:/home/greg/.m2/repository/org/jetbrains/annotations/20.1.0/annotations-20.1.0.jar:/home/greg/.m2/repository/com/fasterxml/jackson/core/jackson-core/2.14.0-SNAPSHOT/jackson-core-2.14.0-SNAPSHOT.jar:/home/greg/.m2/repository/junit/junit/4.13.1/junit-4.13.1.jar:/home/greg/.m2/repository/org/hamcrest/hamcrest-core/1.3/hamcrest-core-1.3.jar:"/>
    <property name="sun.cpu.endian" value="little"/>
    <property name="user.home" value="/home/greg"/>
    <property name="user.language" value="en"/>
    <property name="java.specification.vendor" value="Oracle Corporation"/>
    <property name="java.version.date" value="2021-10-19"/>
    <property name="java.home" value="/usr/lib/jvm/java-11-openjdk-amd64"/>
    <property name="file.separator" value="/"/>
    <property name="basedir" value="/mnt/c/Users/Grego/OneDrive/Documents/UIUC/spring22/598/jackson-dataformats-text/toml"/>
    <property name="java.vm.compressedOopsMode" value="32-bit"/>
    <property name="line.separator" value="&#10;"/>
    <property name="java.specification.name" value="Java Platform API Specification"/>
    <property name="java.vm.specification.vendor" value="Oracle Corporation"/>
    <property name="java.awt.graphicsenv" value="sun.awt.X11GraphicsEnvironment"/>
    <property name="surefire.real.class.path" value="/mnt/c/Users/Grego/OneDrive/Documents/UIUC/spring22/598/jackson-dataformats-text/toml/target/surefire/surefirebooter9913926532670958083.jar"/>
    <property name="sun.management.compiler" value="HotSpot 64-Bit Tiered Compilers"/>
    <property name="java.runtime.version" value="11.0.13+8-Ubuntu-0ubuntu1.20.04"/>
    <property name="user.name" value="greg"/>
    <property name="path.separator" value=":"/>
    <property name="os.version" value="4.4.0-22000-Microsoft"/>
    <property name="java.runtime.name" value="OpenJDK Runtime Environment"/>
    <property name="file.encoding" value="UTF-8"/>
    <property name="java.vm.name" value="OpenJDK 64-Bit Server VM"/>
    <property name="localRepository" value="/home/greg/.m2/repository"/>
    <property name="java.vendor.url.bug" value="https://bugs.launchpad.net/ubuntu/+source/openjdk-lts"/>
    <property name="java.io.tmpdir" value="/tmp"/>
    <property name="java.version" value="11.0.13"/>
    <property name="user.dir" value="/mnt/c/Users/Grego/OneDrive/Documents/UIUC/spring22/598/jackson-dataformats-text/toml"/>
    <property name="os.arch" value="amd64"/>
    <property name="java.vm.specification.name" value="Java Virtual Machine Specification"/>
    <property name="java.awt.printerjob" value="sun.print.PSPrinterJob"/>
    <property name="sun.os.patch.level" value="unknown"/>
    <property name="java.library.path" value="/usr/java/packages/lib:/usr/lib/x86_64-linux-gnu/jni:/lib/x86_64-linux-gnu:/usr/lib/x86_64-linux-gnu:/usr/lib/jni:/lib:/usr/lib"/>
    <property name="java.vm.info" value="mixed mode, sharing"/>
    <property name="java.vendor" value="Ubuntu"/>
    <property name="java.vm.version" value="11.0.13+8-Ubuntu-0ubuntu1.20.04"/>
    <property name="sun.io.unicode.encoding" value="UnicodeLittle"/>
    <property name="java.class.version" value="55.0"/>
  </properties>
  <testcase name="collisionQuoted" classname="com.fasterxml.jackson.dataformat.toml.ParserTest" time="0"/>
  <testcase name="longBase" classname="com.fasterxml.jackson.dataformat.toml.ParserTest" time="0"/>
  <testcase name="bigintBase" classname="com.fasterxml.jackson.dataformat.toml.ParserTest" time="0"/>
  <testcase name="dottedCollisionNest" classname="com.fasterxml.jackson.dataformat.toml.ParserTest" time="0"/>
  <testcase name="dottedCollisionRoot" classname="com.fasterxml.jackson.dataformat.toml.ParserTest" time="0"/>
  <testcase name="bareKeys" classname="com.fasterxml.jackson.dataformat.toml.ParserTest" time="0"/>
  <testcase name="inlineTable" classname="com.fasterxml.jackson.dataformat.toml.ParserTest" time="0"/>
  <testcase name="unspecified" classname="com.fasterxml.jackson.dataformat.toml.ParserTest" time="0"/>
  <testcase name="inlineTableSelfContained2" classname="com.fasterxml.jackson.dataformat.toml.ParserTest" time="0"/>
  <testcase name="invalidFloat1" classname="com.fasterxml.jackson.dataformat.toml.ParserTest" time="0"/>
  <testcase name="invalidFloat2" classname="com.fasterxml.jackson.dataformat.toml.ParserTest" time="0"/>
  <testcase name="invalidFloat3" classname="com.fasterxml.jackson.dataformat.toml.ParserTest" time="0"/>
  <testcase name="stringBasic" classname="com.fasterxml.jackson.dataformat.toml.ParserTest" time="0"/>
  <testcase name="bareKeyNonEmpty" classname="com.fasterxml.jackson.dataformat.toml.ParserTest" time="0"/>
  <testcase name="dottedKeysWhitespace" classname="com.fasterxml.jackson.dataformat.toml.ParserTest" time="0"/>
  <testcase name="floats" classname="com.fasterxml.jackson.dataformat.toml.ParserTest" time="0"/>
  <testcase name="keyValuePair" classname="com.fasterxml.jackson.dataformat.toml.ParserTest" time="0"/>
  <testcase name="arrayTable" classname="com.fasterxml.jackson.dataformat.toml.ParserTest" time="0"/>
  <testcase name="controlCharInComment" classname="com.fasterxml.jackson.dataformat.toml.ParserTest" time="0"/>
  <testcase name="points" classname="com.fasterxml.jackson.dataformat.toml.ParserTest" time="0"/>
  <testcase name="signedBase" classname="com.fasterxml.jackson.dataformat.toml.ParserTest" time="0"/>
  <testcase name="outOfOrder" classname="com.fasterxml.jackson.dataformat.toml.ParserTest" time="0"/>
  <testcase name="escapedQuotes" classname="com.fasterxml.jackson.dataformat.toml.ParserTest" time="0"/>
  <testcase name="multiLineEscapeNl" classname="com.fasterxml.jackson.dataformat.toml.ParserTest" time="0"/>
  <testcase name="arrayInlineAndTable" classname="com.fasterxml.jackson.dataformat.toml.ParserTest" time="0"/>
  <testcase name="tableInOrder" classname="com.fasterxml.jackson.dataformat.toml.ParserTest" time="0"/>
  <testcase name="table2" classname="com.fasterxml.jackson.dataformat.toml.ParserTest" time="0"/>
  <testcase name="rootTable" classname="com.fasterxml.jackson.dataformat.toml.ParserTest" time="0"/>
  <testcase name="extendedUnicodeEscapeInvalid" classname="com.fasterxml.jackson.dataformat.toml.ParserTest" time="0"/>
  <testcase name="tableOutOfOrder" classname="com.fasterxml.jackson.dataformat.toml.ParserTest" time="0"/>
  <testcase name="multiLineLiteralQuotes" classname="com.fasterxml.jackson.dataformat.toml.ParserTest" time="0"/>
  <testcase name="inlineTableNl" classname="com.fasterxml.jackson.dataformat.toml.ParserTest" time="0"/>
  <testcase name="unclosed" classname="com.fasterxml.jackson.dataformat.toml.ParserTest" time="0"/>
  <testcase name="quotedKeyEmpty" classname="com.fasterxml.jackson.dataformat.toml.ParserTest" time="0"/>
  <testcase name="floatUnderscore" classname="com.fasterxml.jackson.dataformat.toml.ParserTest" time="0"/>
  <testcase name="floatSpecial" classname="com.fasterxml.jackson.dataformat.toml.ParserTest" time="0"/>
  <testcase name="duplicateTable" classname="com.fasterxml.jackson.dataformat.toml.ParserTest" time="0"/>
  <testcase name="ld" classname="com.fasterxml.jackson.dataformat.toml.ParserTest" time="0"/>
  <testcase name="lt" classname="com.fasterxml.jackson.dataformat.toml.ParserTest" time="0"/>
  <testcase name="ldt" classname="com.fasterxml.jackson.dataformat.toml.ParserTest" time="0"/>
  <testcase name="odt" classname="com.fasterxml.jackson.dataformat.toml.ParserTest" time="0"/>
  <testcase name="extendedUnicodeEscape" classname="com.fasterxml.jackson.dataformat.toml.ParserTest" time="0"/>
  <testcase name="array" classname="com.fasterxml.jackson.dataformat.toml.ParserTest" time="0"/>
  <testcase name="order" classname="com.fasterxml.jackson.dataformat.toml.ParserTest" time="0"/>
  <testcase name="table" classname="com.fasterxml.jackson.dataformat.toml.ParserTest" time="0"/>
  <testcase name="tableQuoted" classname="com.fasterxml.jackson.dataformat.toml.ParserTest" time="0"/>
  <testcase name="numberDottedKey" classname="com.fasterxml.jackson.dataformat.toml.ParserTest" time="0"/>
  <testcase name="mixedTable" classname="com.fasterxml.jackson.dataformat.toml.ParserTest" time="0"/>
  <testcase name="literalStrings" classname="com.fasterxml.jackson.dataformat.toml.ParserTest" time="0"/>
  <testcase name="keyMixed" classname="com.fasterxml.jackson.dataformat.toml.ParserTest" time="0"/>
  <testcase name="tableWhitespace" classname="com.fasterxml.jackson.dataformat.toml.ParserTest" time="0"/>
  <testcase name="multiLineBasic" classname="com.fasterxml.jackson.dataformat.toml.ParserTest" time="0"/>
  <testcase name="intTypes" classname="com.fasterxml.jackson.dataformat.toml.ParserTest" time="0"/>
  <testcase name="inlineTableSelfContained" classname="com.fasterxml.jackson.dataformat.toml.ParserTest" time="0"/>
  <testcase name="multiLineLiteral" classname="com.fasterxml.jackson.dataformat.toml.ParserTest" time="0"/>
  <testcase name="illegalComment" classname="com.fasterxml.jackson.dataformat.toml.ParserTest" time="0"/>
  <testcase name="inlineTableTrailingComma" classname="com.fasterxml.jackson.dataformat.toml.ParserTest" time="0"/>
  <testcase name="integerBase" classname="com.fasterxml.jackson.dataformat.toml.ParserTest" time="0"/>
  <testcase name="dottedDefinesTable" classname="com.fasterxml.jackson.dataformat.toml.ParserTest" time="0"/>
  <testcase name="integerUnderscore" classname="com.fasterxml.jackson.dataformat.toml.ParserTest" time="0"/>
  <testcase name="zeroPrefixedInt" classname="com.fasterxml.jackson.dataformat.toml.ParserTest" time="0"/>
  <testcase name="singleLine" classname="com.fasterxml.jackson.dataformat.toml.ParserTest" time="0"/>
  <testcase name="arrayCollision1" classname="com.fasterxml.jackson.dataformat.toml.ParserTest" time="0"/>
  <testcase name="arrayCollision2" classname="com.fasterxml.jackson.dataformat.toml.ParserTest" time="0"/>
  <testcase name="comment" classname="com.fasterxml.jackson.dataformat.toml.ParserTest" time="0"/>
  <testcase name="arrayMultiLine" classname="com.fasterxml.jackson.dataformat.toml.ParserTest" time="0"/>
  <testcase name="quotedKeys" classname="com.fasterxml.jackson.dataformat.toml.ParserTest" time="0"/>
  <testcase name="unknownEscape" classname="com.fasterxml.jackson.dataformat.toml.ParserTest" time="0"/>
  <testcase name="javaTimeDeser" classname="com.fasterxml.jackson.dataformat.toml.ParserTest" time="0"/>
  <testcase name="inlineTableEmpty" classname="com.fasterxml.jackson.dataformat.toml.ParserTest" time="0"/>
  <testcase name="dottedSubTable" classname="com.fasterxml.jackson.dataformat.toml.ParserTest" time="0"/>
  <testcase name="arrayTableDotted" classname="com.fasterxml.jackson.dataformat.toml.ParserTest" time="0"/>
  <testcase name="collision" classname="com.fasterxml.jackson.dataformat.toml.ParserTest" time="0"/>
  <testcase name="inOrder" classname="com.fasterxml.jackson.dataformat.toml.ParserTest" time="0"/>
  <testcase name="dottedKeys" classname="com.fasterxml.jackson.dataformat.toml.ParserTest" time="0"/>
  <testcase name="missingQuotesEscape" classname="com.fasterxml.jackson.dataformat.toml.ParserTest" time="0"/>
  <testcase name="integer" classname="com.fasterxml.jackson.dataformat.toml.ParserTest" time="0"/>
  <testcase name="arrayTableStillMissing" classname="com.fasterxml.jackson.dataformat.toml.ParserTest" time="0"/>
  <testcase name="booleans" classname="com.fasterxml.jackson.dataformat.toml.ParserTest" time="0"/>
  <testcase name="controlCharInLiteralString" classname="com.fasterxml.jackson.dataformat.toml.ParserTest" time="0"/>
  <testcase name="collisionNested" classname="com.fasterxml.jackson.dataformat.toml.ParserTest" time="0"/>
</testsuite>